<?xml version="1.0" encoding="UTF-8"?>
<!-- Generated by org.testng.reporters.JUnitXMLReporter -->
<testsuite ignored="0" hostname="NCRBaseload_W10" failures="0" tests="4" name="Default test" time="106.134" errors="0" timestamp="2022-07-20T06:50:25 IST">
  <testcase classname="com.MyStore2.testcases.AccountCreationTest" name="createAccountTest" time="14.672"/>
  <testcase classname="com.MyStore2.testcases.AccountCreationTest" name="createAccountTest" time="21.19"/>
  <testcase classname="com.MyStore2.testcases.AccountCreationTest" name="createAccountTest" time="25.064"/>
  <testcase classname="com.MyStore2.testcases.AccountCreationTest" name="verifyCreateAccountPageTest" time="8.889"/>
</testsuite> <!-- Default test -->
